Release 14.7 - xst P.20131013 (lin64)
Copyright (c) 1995-2013 Xilinx, Inc.  All rights reserved.
--> 
Parameter TMPDIR set to xst/projnav.tmp


Total REAL time to Xst completion: 0.00 secs
Total CPU time to Xst completion: 0.06 secs
 
--> 
Parameter xsthdpdir set to xst


Total REAL time to Xst completion: 0.00 secs
Total CPU time to Xst completion: 0.06 secs
 
--> 
Reading design: char_reg.prj

TABLE OF CONTENTS
  1) Synthesis Options Summary
  2) HDL Parsing
  3) HDL Elaboration
  4) HDL Synthesis
       4.1) HDL Synthesis Report
  5) Advanced HDL Synthesis
       5.1) Advanced HDL Synthesis Report
  6) Low Level Synthesis
  7) Partition Report
  8) Design Summary
       8.1) Primitive and Black Box Usage
       8.2) Device utilization summary
       8.3) Partition Resource Summary
       8.4) Timing Report
            8.4.1) Clock Information
            8.4.2) Asynchronous Control Signals Information
            8.4.3) Timing Summary
            8.4.4) Timing Details
            8.4.5) Cross Clock Domains Report


=========================================================================
*                      Synthesis Options Summary                        *
=========================================================================
---- Source Parameters
Input File Name                    : "char_reg.prj"
Ignore Synthesis Constraint File   : NO

---- Target Parameters
Output File Name                   : "char_reg"
Output Format                      : NGC
Target Device                      : xc6slx16-3-csg324

---- Source Options
Top Module Name                    : char_reg
Automatic FSM Extraction           : YES
FSM Encoding Algorithm             : Auto
Safe Implementation                : No
FSM Style                          : LUT
RAM Extraction                     : Yes
RAM Style                          : Auto
ROM Extraction                     : Yes
Shift Register Extraction          : YES
ROM Style                          : Auto
Resource Sharing                   : YES
Asynchronous To Synchronous        : NO
Shift Register Minimum Size        : 2
Use DSP Block                      : Auto
Automatic Register Balancing       : No

---- Target Options
LUT Combining                      : Auto
Reduce Control Sets                : Auto
Add IO Buffers                     : YES
Global Maximum Fanout              : 100000
Add Generic Clock Buffer(BUFG)     : 16
Register Duplication               : YES
Optimize Instantiated Primitives   : NO
Use Clock Enable                   : Auto
Use Synchronous Set                : Auto
Use Synchronous Reset              : Auto
Pack IO Registers into IOBs        : Auto
Equivalent register Removal        : YES

---- General Options
Optimization Goal                  : Speed
Optimization Effort                : 1
Power Reduction                    : NO
Keep Hierarchy                     : No
Netlist Hierarchy                  : As_Optimized
RTL Output                         : Yes
Global Optimization                : AllClockNets
Read Cores                         : YES
Write Timing Constraints           : NO
Cross Clock Analysis               : NO
Hierarchy Separator                : /
Bus Delimiter                      : <>
Case Specifier                     : Maintain
Slice Utilization Ratio            : 100
BRAM Utilization Ratio             : 100
DSP48 Utilization Ratio            : 100
Auto BRAM Packing                  : NO
Slice Utilization Ratio Delta      : 5

---- Other Options
Cores Search Directories           : {"ipcore_dir"  }

=========================================================================


=========================================================================
*                          HDL Parsing                                  *
=========================================================================
Analyzing Verilog file "/home/minh/workspace/python_workspace/char_reg/char_reg/uchar2float.v" into library work
Parsing module <uchar2float>.
Analyzing Verilog file "/home/minh/workspace/python_workspace/char_reg/char_reg/ramWeightsRO.v" into library work
Parsing module <ramWeightsRO>.
Analyzing Verilog file "/home/minh/workspace/python_workspace/char_reg/char_reg/ramPicRO.v" into library work
Parsing module <ramPicRO>.
Analyzing Verilog file "/home/minh/workspace/python_workspace/char_reg/char_reg/ipcore_dir/float_mult.v" into library work
Parsing module <float_mult>.
Analyzing Verilog file "/home/minh/workspace/python_workspace/char_reg/char_reg/ipcore_dir/float_add.v" into library work
Parsing module <float_add>.
Analyzing Verilog file "/home/minh/workspace/python_workspace/char_reg/char_reg/char_reg.v" into library work
Parsing module <char_reg>.

=========================================================================
*                            HDL Elaboration                            *
=========================================================================
ERROR:HDLCompiler:329 - "/home/minh/workspace/python_workspace/char_reg/char_reg/char_reg.v" Line 54: Target <weightFloat> of concurrent assignment or output port connection should be a net type.
ERROR:HDLCompiler:329 - "/home/minh/workspace/python_workspace/char_reg/char_reg/char_reg.v" Line 62: Target <picFloat> of concurrent assignment or output port connection should be a net type.
ERROR:HDLCompiler:329 - "/home/minh/workspace/python_workspace/char_reg/char_reg/char_reg.v" Line 63: Target <picFloat> of concurrent assignment or output port connection should be a net type.
ERROR:HDLCompiler:329 - "/home/minh/workspace/python_workspace/char_reg/char_reg/char_reg.v" Line 64: Target <picFloat> of concurrent assignment or output port connection should be a net type.
ERROR:HDLCompiler:329 - "/home/minh/workspace/python_workspace/char_reg/char_reg/char_reg.v" Line 96: Target <opMultRfd> of concurrent assignment or output port connection should be a net type.
ERROR:HDLCompiler:329 - "/home/minh/workspace/python_workspace/char_reg/char_reg/char_reg.v" Line 99: Target <multResult> of concurrent assignment or output port connection should be a net type.
ERROR:HDLCompiler:329 - "/home/minh/workspace/python_workspace/char_reg/char_reg/char_reg.v" Line 100: Target <multReady> of concurrent assignment or output port connection should be a net type.
ERROR:HDLCompiler:329 - "/home/minh/workspace/python_workspace/char_reg/char_reg/char_reg.v" Line 142: Target <opAddRfd> of concurrent assignment or output port connection should be a net type.
ERROR:HDLCompiler:329 - "/home/minh/workspace/python_workspace/char_reg/char_reg/char_reg.v" Line 146: Target <addReady> of concurrent assignment or output port connection should be a net type.
--> 


Total memory usage is 308700 kilobytes

Number of errors   :    9 (   0 filtered)
Number of warnings :    0 (   0 filtered)
Number of infos    :    0 (   0 filtered)

