INFO:sim:172 - Generating IP...
WARNING:sim - Verilog simulation file type 'Behavioral' is not valid for this
   core. Overriding with simulation file type 'Structural'.
Resolving generics for 'float_comp'...
WARNING:sim - Verilog simulation file type 'Behavioral' is not valid for this
   core. Overriding with simulation file type 'Structural'.
Applying external generics to 'float_comp'...
Delivering associated files for 'float_comp'...
Generating implementation netlist for 'float_comp'...
INFO:sim - Pre-processing HDL files for 'float_comp'...
Running synthesis for 'float_comp'
Running ngcbuild...
Writing VEO instantiation template for 'float_comp'...
WARNING:sim - Verilog simulation file type 'Behavioral' is not valid for this
   core. Overriding with simulation file type 'Structural'.
Writing Verilog structural simulation model for 'float_comp'...
WARNING:sim - Verilog simulation file type 'Behavioral' is not valid for this
   core. Overriding with simulation file type 'Structural'.
Delivered 3 files into directory
/home/minh/workspace/python_workspace/char_reg/char_reg2/ipcore_dir/tmp/_cg/floa
t_comp
Generating ASY schematic symbol...
INFO:sim:949 - Finished generation of ASY schematic symbol.
Generating SYM schematic symbol for 'float_comp'...
Generating metadata file...
Generating ISE project...
XCO file found: float_comp.xco
XMDF file found: float_comp_xmdf.tcl
Adding
/home/minh/workspace/python_workspace/char_reg/char_reg2/ipcore_dir/tmp/_cg/floa
t_comp.asy -view all -origin_type imported
Adding
/home/minh/workspace/python_workspace/char_reg/char_reg2/ipcore_dir/tmp/_cg/floa
t_comp.ngc -view all -origin_type created
Checking file
"/home/minh/workspace/python_workspace/char_reg/char_reg2/ipcore_dir/tmp/_cg/flo
at_comp.ngc" for project device match ...
File
"/home/minh/workspace/python_workspace/char_reg/char_reg2/ipcore_dir/tmp/_cg/flo
at_comp.ngc" device information matches project device.
Adding
/home/minh/workspace/python_workspace/char_reg/char_reg2/ipcore_dir/tmp/_cg/floa
t_comp.sym -view all -origin_type imported
Adding
/home/minh/workspace/python_workspace/char_reg/char_reg2/ipcore_dir/tmp/_cg/floa
t_comp.v -view all -origin_type created
INFO:HDLCompiler:1845 - Analyzing Verilog file
   "/home/minh/workspace/python_workspace/char_reg/char_reg2/ipcore_dir/tmp/_cg/
   float_comp.v" into library work
INFO:ProjectMgmt - Parsing design hierarchy completed successfully.
Adding
/home/minh/workspace/python_workspace/char_reg/char_reg2/ipcore_dir/tmp/_cg/floa
t_comp.veo -view all -origin_type imported
INFO:TclTasksC:2116 - The automatic calculation of top has been turned-off.
   Please set the new top explicitly by running the "project set top" command.
   To re-calculate the new top automatically, set the "Auto Implementation Top"
   property to true.
Top level has been set to "/float_comp"
Generating README file...
Generating FLIST file...
INFO:sim:948 - Finished FLIST file generation.
Launching README viewer...
Moving files to output directory...
Finished moving files to output directory
Wrote CGP file for project 'float_comp'.
